File is empty
type: E_USER_FILE	Line: 12
date: 2018-12-18 14:26:18
#0 /home/sergey/www/eShopProject/models/ProductModel.php(48): DataBaseModel::getData()
#1 /home/sergey/www/eShopProject/controllers/MainController.php(9): ProductModel::getProducts()
#2 /home/sergey/www/eShopProject/core/router.php(48): MainController->show()
#3 /home/sergey/www/eShopProject/components/bootstrap.php(13): router::routing()
#4 /home/sergey/www/eShopProject/index.php(4): require_once('/home/sergey/ww...')
#5 {main}

File is empty
type: E_USER_FILE	Line: 12
date: 2018-12-18 14:26:26
#0 /home/sergey/www/eShopProject/models/ProductModel.php(48): DataBaseModel::getData()
#1 /home/sergey/www/eShopProject/controllers/ProductController.php(21): ProductModel::getProducts()
#2 /home/sergey/www/eShopProject/core/router.php(48): ProductController->show()
#3 /home/sergey/www/eShopProject/components/bootstrap.php(13): router::routing()
#4 /home/sergey/www/eShopProject/index.php(4): require_once('/home/sergey/ww...')
#5 {main}

File is empty
type: E_USER_FILE	Line: 12
date: 2018-12-18 14:26:28
#0 /home/sergey/www/eShopProject/models/ProductModel.php(48): DataBaseModel::getData()
#1 /home/sergey/www/eShopProject/models/ProductModel.php(12): ProductModel::getProducts()
#2 /home/sergey/www/eShopProject/controllers/ProductController.php(12): ProductModel::getProduct(Array)
#3 /home/sergey/www/eShopProject/core/router.php(53): ProductController->product(Array)
#4 /home/sergey/www/eShopProject/components/bootstrap.php(13): router::routing()
#5 /home/sergey/www/eShopProject/index.php(4): require_once('/home/sergey/ww...')
#6 {main}

File is empty
type: E_USER_FILE	Line: 12
date: 2018-12-18 14:26:28
#0 /home/sergey/www/eShopProject/models/ProductModel.php(48): DataBaseModel::getData()
#1 /home/sergey/www/eShopProject/controllers/ProductController.php(13): ProductModel::getProducts()
#2 /home/sergey/www/eShopProject/core/router.php(53): ProductController->product(Array)
#3 /home/sergey/www/eShopProject/components/bootstrap.php(13): router::routing()
#4 /home/sergey/www/eShopProject/index.php(4): require_once('/home/sergey/ww...')
#5 {main}

File is empty
type: E_USER_FILE	Line: 12
date: 2018-12-18 14:26:28
#0 /home/sergey/www/eShopProject/models/ProductModel.php(48): DataBaseModel::getData()
#1 /home/sergey/www/eShopProject/controllers/ProductController.php(13): ProductModel::getProducts()
#2 /home/sergey/www/eShopProject/core/router.php(53): ProductController->product(Array)
#3 /home/sergey/www/eShopProject/components/bootstrap.php(13): router::routing()
#4 /home/sergey/www/eShopProject/index.php(4): require_once('/home/sergey/ww...')
#5 {main}

Неперехватываемое исключение
type: 0	Line: 33
date: 2018-12-18 14:26:28
#0 /home/sergey/www/eShopProject/controllers/ProductController.php(14): ProductController->testForException()
#1 /home/sergey/www/eShopProject/core/router.php(53): ProductController->product(Array)
#2 /home/sergey/www/eShopProject/components/bootstrap.php(13): router::routing()
#3 /home/sergey/www/eShopProject/index.php(4): require_once('/home/sergey/ww...')
#4 {main}

File is empty
type: E_USER_FILE	Line: 12
date: 2018-12-18 14:26:28
#0 /home/sergey/www/eShopProject/models/ProductModel.php(48): DataBaseModel::getData()
#1 /home/sergey/www/eShopProject/controllers/MainController.php(9): ProductModel::getProducts()
#2 /home/sergey/www/eShopProject/core/router.php(48): MainController->show()
#3 /home/sergey/www/eShopProject/components/bootstrap.php(13): router::routing()
#4 /home/sergey/www/eShopProject/index.php(4): require_once('/home/sergey/ww...')
#5 {main}

